INPUT1
Matrix size: 8 x 5
Ans: 21.2349314776
Your answer: 21.2349314775
Correct! Time: 0.0000493526
INPUT2
Matrix size: 2048 x 1024
Ans: 1048568.4615699096
Your answer: 1048568.4615698837
Correct! Time: 3.9081974030

TEST TIME * 5
1
Matrix size: 2048 x 1024
Ans: 1048568.4615699096
Your answer: 1048568.4615698837
Correct! Time: 3.9179046154
2
Matrix size: 2048 x 1024
Ans: 1048568.4615699096
Your answer: 1048568.4615698837
Correct! Time: 3.9084556103
3
Matrix size: 2048 x 1024
Ans: 1048568.4615699096
Your answer: 1048568.4615698837
Correct! Time: 3.9757373333
4
Matrix size: 2048 x 1024
Ans: 1048568.4615699096
Your answer: 1048568.4615698837
Correct! Time: 3.9111521244
5
Matrix size: 2048 x 1024
Ans: 1048568.4615699096
Your answer: 1048568.4615698837
Correct! Time: 3.9074373245
