-----STANDARD-----
Matrix size: 2048 x 1024
Ans: 1048568.4615699096
Your answer: 1048568.4615698808
Correct! Time: 80.9255745411
-----CHECK-----
INPUT1
Matrix size: 8 x 5
Ans: 21.2349314776
Your answer: 21.2349314775
Correct! Time: 0.0000455379
INPUT2
Matrix size: 2048 x 1024
Ans: 1048568.4615699096
Your answer: 1048568.4615698839
Correct! Time: 0.1752457619

-----TEST TIME by input2 * 5-----
1
Matrix size: 2048 x 1024
Ans: 1048568.4615699096
Your answer: 1048568.4615698839
Correct! Time: 0.1764991283
2
Matrix size: 2048 x 1024
Ans: 1048568.4615699096
Your answer: 1048568.4615698839
Correct! Time: 0.1759197712
3
Matrix size: 2048 x 1024
Ans: 1048568.4615699096
Your answer: 1048568.4615698839
Correct! Time: 0.1757628918
4
Matrix size: 2048 x 1024
Ans: 1048568.4615699096
Your answer: 1048568.4615698839
Correct! Time: 0.1769900322
5
Matrix size: 2048 x 1024
Ans: 1048568.4615699096
Your answer: 1048568.4615698839
Correct! Time: 0.1755733490
