TEST TIME * 5
Opened input file: images/potm2209a.txt
Execution time: 1 ms
1.00691e+08
Opened input file: images/potm2209b.txt
Execution time: 11 ms
7.02887e+08
Opened input file: images/potm2209c.txt
Execution time: 8 ms
6.60097e+08
Opened input file: images/potm2210a.txt
Execution time: 2 ms
8.6829e+07
Opened input file: images/potm2210c.txt
Execution time: 2 ms
5.73649e+07
Opened input file: images/potm2210d.txt
Execution time: 2 ms
8.24852e+07
Opened input file: images/potm2211a.txt
Execution time: 11 ms
1.34824e+08
Opened input file: images/potm2211b.txt
Execution time: 10 ms
1.50042e+08
Opened input file: images/potm2211c.txt
Execution time: 13 ms
1.53024e+08
Opened input file: images/potm2212a.txt
Execution time: 15 ms
6.08503e+08
Total time: 0.0750000000 s
Opened input file: images/potm2209a.txt
Execution time: 1 ms
1.00691e+08
Opened input file: images/potm2209b.txt
Execution time: 8 ms
7.02887e+08
Opened input file: images/potm2209c.txt
Execution time: 8 ms
6.60097e+08
Opened input file: images/potm2210a.txt
Execution time: 2 ms
8.6829e+07
Opened input file: images/potm2210c.txt
Execution time: 2 ms
5.73649e+07
Opened input file: images/potm2210d.txt
Execution time: 2 ms
8.24852e+07
Opened input file: images/potm2211a.txt
Execution time: 11 ms
1.34824e+08
Opened input file: images/potm2211b.txt
Execution time: 10 ms
1.50042e+08
Opened input file: images/potm2211c.txt
Execution time: 13 ms
1.53024e+08
Opened input file: images/potm2212a.txt
Execution time: 15 ms
6.08503e+08
Total time: 0.0720000000 s
Opened input file: images/potm2209a.txt
Execution time: 1 ms
1.00691e+08
Opened input file: images/potm2209b.txt
Execution time: 8 ms
7.02887e+08
Opened input file: images/potm2209c.txt
Execution time: 8 ms
6.60097e+08
Opened input file: images/potm2210a.txt
Execution time: 2 ms
8.6829e+07
Opened input file: images/potm2210c.txt
Execution time: 2 ms
5.73649e+07
Opened input file: images/potm2210d.txt
Execution time: 2 ms
8.24852e+07
Opened input file: images/potm2211a.txt
Execution time: 11 ms
1.34824e+08
Opened input file: images/potm2211b.txt
Execution time: 10 ms
1.50042e+08
Opened input file: images/potm2211c.txt
Execution time: 13 ms
1.53024e+08
Opened input file: images/potm2212a.txt
Execution time: 15 ms
6.08503e+08
Total time: 0.0720000000 s
Opened input file: images/potm2209a.txt
Execution time: 1 ms
1.00691e+08
Opened input file: images/potm2209b.txt
Execution time: 8 ms
7.02887e+08
Opened input file: images/potm2209c.txt
Execution time: 8 ms
6.60097e+08
Opened input file: images/potm2210a.txt
Execution time: 2 ms
8.6829e+07
Opened input file: images/potm2210c.txt
Execution time: 2 ms
5.73649e+07
Opened input file: images/potm2210d.txt
Execution time: 2 ms
8.24852e+07
Opened input file: images/potm2211a.txt
Execution time: 11 ms
1.34824e+08
Opened input file: images/potm2211b.txt
Execution time: 10 ms
1.50042e+08
Opened input file: images/potm2211c.txt
Execution time: 13 ms
1.53024e+08
Opened input file: images/potm2212a.txt
Execution time: 15 ms
6.08503e+08
Total time: 0.0720000000 s
Opened input file: images/potm2209a.txt
Execution time: 1 ms
1.00691e+08
Opened input file: images/potm2209b.txt
Execution time: 8 ms
7.02887e+08
Opened input file: images/potm2209c.txt
Execution time: 8 ms
6.60097e+08
Opened input file: images/potm2210a.txt
Execution time: 2 ms
8.6829e+07
Opened input file: images/potm2210c.txt
Execution time: 2 ms
5.73649e+07
Opened input file: images/potm2210d.txt
Execution time: 2 ms
8.24852e+07
Opened input file: images/potm2211a.txt
Execution time: 11 ms
1.34824e+08
Opened input file: images/potm2211b.txt
Execution time: 10 ms
1.50042e+08
Opened input file: images/potm2211c.txt
Execution time: 13 ms
1.53024e+08
Opened input file: images/potm2212a.txt
Execution time: 15 ms
6.08503e+08
Total time: 0.0720000000 s
